13:43:59 10.08.2021: Файл settings.txt успешно создан
13:43:59 10.08.2021: Файл file.log успешно создан
13:43:59 10.08.2021: чат начал свою работу!
13:46:49 10.08.2021: Файл settings.txt успешно создан
13:46:49 10.08.2021: Файл file.log успешно создан
13:46:49 10.08.2021: чат начал свою работу!
13:48:37 10.08.2021: Файл settings.txt успешно создан
13:48:37 10.08.2021: Файл file.log успешно создан
13:48:37 10.08.2021: чат начал свою работу!
13:50:26 10.08.2021: Файл settings.txt успешно создан
13:50:26 10.08.2021: Файл file.log успешно создан
13:50:26 10.08.2021: чат начал свою работу!
15:10:19 10.08.2021: Файл settings.txt успешно создан
15:10:19 10.08.2021: Файл file.log успешно создан
15:10:19 10.08.2021: чат начал свою работу!
15:10:19 10.08.2021: Александра вошёл в чат
15:10:19 10.08.2021: Александра: Привет!
15:46:09 10.08.2021: Файл settings.txt успешно создан
15:46:09 10.08.2021: Файл file.log успешно создан
15:46:09 10.08.2021: чат начал свою работу!
